[0.062s] DEBUG:colcon:Command line arguments: ['/usr/bin/colcon', 'build']
[0.062s] DEBUG:colcon:Parsed command line arguments: Namespace(log_base=None, log_level=None, verb_name='build', build_base='build', install_base='install', merge_install=False, symlink_install=False, test_result_base=None, continue_on_error=False, executor='parallel', parallel_workers=8, event_handlers=None, ignore_user_meta=False, metas=['./colcon.meta'], base_paths=['.'], packages_ignore=None, packages_ignore_regex=None, paths=None, packages_up_to=None, packages_up_to_regex=None, packages_above=None, packages_above_and_dependencies=None, packages_above_depth=None, packages_select_by_dep=None, packages_skip_by_dep=None, packages_skip_up_to=None, packages_select_build_failed=False, packages_skip_build_finished=False, packages_select_test_failures=False, packages_skip_test_passed=False, packages_select=None, packages_skip=None, packages_select_regex=None, packages_skip_regex=None, packages_start=None, packages_end=None, allow_overriding=[], cmake_args=None, cmake_target=None, cmake_target_skip_unavailable=False, cmake_clean_cache=False, cmake_clean_first=False, cmake_force_configure=False, ament_cmake_args=None, catkin_cmake_args=None, catkin_skip_building_tests=False, mixin_files=None, mixin=None, verb_parser=<colcon_mixin.mixin.mixin_argument.MixinArgumentDecorator object at 0x761ca34f6110>, verb_extension=<colcon_core.verb.build.BuildVerb object at 0x761ca3642ef0>, main=<bound method BuildVerb.main of <colcon_core.verb.build.BuildVerb object at 0x761ca3642ef0>>, mixin_verb=('build',))
[0.155s] Level 1:colcon.colcon_core.package_discovery:discover_packages(colcon_meta) check parameters
[0.155s] Level 1:colcon.colcon_core.package_discovery:discover_packages(recursive) check parameters
[0.155s] Level 1:colcon.colcon_core.package_discovery:discover_packages(ignore) check parameters
[0.155s] Level 1:colcon.colcon_core.package_discovery:discover_packages(path) check parameters
[0.155s] Level 1:colcon.colcon_core.package_discovery:discover_packages(colcon_meta) discover
[0.155s] Level 1:colcon.colcon_core.package_discovery:discover_packages(recursive) discover
[0.155s] INFO:colcon.colcon_core.package_discovery:Crawling recursively for packages in '/home/sami/Documents/ros2_session1'
[0.156s] Level 1:colcon.colcon_core.package_identification:_identify(.) by extensions ['ignore', 'ignore_ament_install']
[0.156s] Level 1:colcon.colcon_core.package_identification:_identify(.) by extension 'ignore'
[0.156s] Level 1:colcon.colcon_core.package_identification:_identify(.) by extension 'ignore_ament_install'
[0.156s] Level 1:colcon.colcon_core.package_identification:_identify(.) by extensions ['colcon_pkg']
[0.156s] Level 1:colcon.colcon_core.package_identification:_identify(.) by extension 'colcon_pkg'
[0.156s] Level 1:colcon.colcon_core.package_identification:_identify(.) by extensions ['colcon_meta']
[0.156s] Level 1:colcon.colcon_core.package_identification:_identify(.) by extension 'colcon_meta'
[0.156s] Level 1:colcon.colcon_core.package_identification:_identify(.) by extensions ['ros']
[0.156s] Level 1:colcon.colcon_core.package_identification:_identify(.) by extension 'ros'
[0.163s] Level 1:colcon.colcon_core.package_identification:_identify(.) by extensions ['cmake', 'python']
[0.163s] Level 1:colcon.colcon_core.package_identification:_identify(.) by extension 'cmake'
[0.163s] Level 1:colcon.colcon_core.package_identification:_identify(.) by extension 'python'
[0.163s] Level 1:colcon.colcon_core.package_identification:_identify(.) by extensions ['python_setup_py']
[0.163s] Level 1:colcon.colcon_core.package_identification:_identify(.) by extension 'python_setup_py'
[0.163s] Level 1:colcon.colcon_core.package_identification:_identify(build) by extensions ['ignore', 'ignore_ament_install']
[0.163s] Level 1:colcon.colcon_core.package_identification:_identify(build) by extension 'ignore'
[0.163s] Level 1:colcon.colcon_core.package_identification:_identify(build) ignored
[0.163s] Level 1:colcon.colcon_core.package_identification:_identify(install) by extensions ['ignore', 'ignore_ament_install']
[0.163s] Level 1:colcon.colcon_core.package_identification:_identify(install) by extension 'ignore'
[0.163s] Level 1:colcon.colcon_core.package_identification:_identify(install) ignored
[0.163s] Level 1:colcon.colcon_core.package_identification:_identify(log) by extensions ['ignore', 'ignore_ament_install']
[0.163s] Level 1:colcon.colcon_core.package_identification:_identify(log) by extension 'ignore'
[0.163s] Level 1:colcon.colcon_core.package_identification:_identify(log) ignored
[0.163s] Level 1:colcon.colcon_core.package_identification:_identify(temp_sensor) by extensions ['ignore', 'ignore_ament_install']
[0.163s] Level 1:colcon.colcon_core.package_identification:_identify(temp_sensor) by extension 'ignore'
[0.163s] Level 1:colcon.colcon_core.package_identification:_identify(temp_sensor) by extension 'ignore_ament_install'
[0.163s] Level 1:colcon.colcon_core.package_identification:_identify(temp_sensor) by extensions ['colcon_pkg']
[0.163s] Level 1:colcon.colcon_core.package_identification:_identify(temp_sensor) by extension 'colcon_pkg'
[0.163s] Level 1:colcon.colcon_core.package_identification:_identify(temp_sensor) by extensions ['colcon_meta']
[0.163s] Level 1:colcon.colcon_core.package_identification:_identify(temp_sensor) by extension 'colcon_meta'
[0.163s] Level 1:colcon.colcon_core.package_identification:_identify(temp_sensor) by extensions ['ros']
[0.163s] Level 1:colcon.colcon_core.package_identification:_identify(temp_sensor) by extension 'ros'
[0.165s] DEBUG:colcon.colcon_core.package_identification:Package 'temp_sensor' with type 'ros.ament_cmake' and name 'temp_sensor'
[0.165s] Level 1:colcon.colcon_core.package_discovery:discover_packages(recursive) using defaults
[0.165s] Level 1:colcon.colcon_core.package_discovery:discover_packages(ignore) discover
[0.165s] Level 1:colcon.colcon_core.package_discovery:discover_packages(ignore) using defaults
[0.165s] Level 1:colcon.colcon_core.package_discovery:discover_packages(path) discover
[0.165s] Level 1:colcon.colcon_core.package_discovery:discover_packages(path) using defaults
[0.176s] Level 1:colcon.colcon_core.package_discovery:discover_packages(prefix_path) check parameters
[0.176s] Level 1:colcon.colcon_core.package_discovery:discover_packages(prefix_path) discover
[0.177s] DEBUG:colcon.colcon_installed_package_information.package_discovery:Found 270 installed packages in /opt/ros/humble
[0.178s] Level 1:colcon.colcon_core.package_discovery:discover_packages(prefix_path) using defaults
[0.207s] Level 5:colcon.colcon_core.verb:set package 'temp_sensor' build argument 'cmake_args' from command line to 'None'
[0.207s] Level 5:colcon.colcon_core.verb:set package 'temp_sensor' build argument 'cmake_target' from command line to 'None'
[0.207s] Level 5:colcon.colcon_core.verb:set package 'temp_sensor' build argument 'cmake_target_skip_unavailable' from command line to 'False'
[0.207s] Level 5:colcon.colcon_core.verb:set package 'temp_sensor' build argument 'cmake_clean_cache' from command line to 'False'
[0.207s] Level 5:colcon.colcon_core.verb:set package 'temp_sensor' build argument 'cmake_clean_first' from command line to 'False'
[0.207s] Level 5:colcon.colcon_core.verb:set package 'temp_sensor' build argument 'cmake_force_configure' from command line to 'False'
[0.207s] Level 5:colcon.colcon_core.verb:set package 'temp_sensor' build argument 'ament_cmake_args' from command line to 'None'
[0.207s] Level 5:colcon.colcon_core.verb:set package 'temp_sensor' build argument 'catkin_cmake_args' from command line to 'None'
[0.207s] Level 5:colcon.colcon_core.verb:set package 'temp_sensor' build argument 'catkin_skip_building_tests' from command line to 'False'
[0.207s] DEBUG:colcon.colcon_core.verb:Building package 'temp_sensor' with the following arguments: {'ament_cmake_args': None, 'build_base': '/home/sami/Documents/ros2_session1/build/temp_sensor', 'catkin_cmake_args': None, 'catkin_skip_building_tests': False, 'cmake_args': None, 'cmake_clean_cache': False, 'cmake_clean_first': False, 'cmake_force_configure': False, 'cmake_target': None, 'cmake_target_skip_unavailable': False, 'install_base': '/home/sami/Documents/ros2_session1/install/temp_sensor', 'merge_install': False, 'path': '/home/sami/Documents/ros2_session1/temp_sensor', 'symlink_install': False, 'test_result_base': None}
[0.207s] INFO:colcon.colcon_core.executor:Executing jobs using 'parallel' executor
[0.207s] DEBUG:colcon.colcon_parallel_executor.executor.parallel:run_until_complete
[0.208s] INFO:colcon.colcon_ros.task.ament_cmake.build:Building ROS package in '/home/sami/Documents/ros2_session1/temp_sensor' with build type 'ament_cmake'
[0.208s] INFO:colcon.colcon_cmake.task.cmake.build:Building CMake package in '/home/sami/Documents/ros2_session1/temp_sensor'
[0.209s] INFO:colcon.colcon_core.plugin_system:Skipping extension 'colcon_core.shell.bat': Not used on non-Windows systems
[0.209s] INFO:colcon.colcon_core.shell:Skip shell extension 'powershell' for command environment: Not usable outside of PowerShell
[0.209s] DEBUG:colcon.colcon_core.shell:Skip shell extension 'dsv' for command environment
[0.214s] DEBUG:colcon.colcon_core.event_handler.log_command:Invoking command in '/home/sami/Documents/ros2_session1/build/temp_sensor': CMAKE_PREFIX_PATH=/opt/ros/humble /usr/bin/cmake --build /home/sami/Documents/ros2_session1/build/temp_sensor -- -j8 -l8
[0.237s] DEBUG:colcon.colcon_core.event_handler.log_command:Invoked command in '/home/sami/Documents/ros2_session1/build/temp_sensor' returned '0': CMAKE_PREFIX_PATH=/opt/ros/humble /usr/bin/cmake --build /home/sami/Documents/ros2_session1/build/temp_sensor -- -j8 -l8
[0.260s] DEBUG:colcon.colcon_core.event_handler.log_command:Invoking command in '/home/sami/Documents/ros2_session1/build/temp_sensor': CMAKE_PREFIX_PATH=/opt/ros/humble /usr/bin/cmake --install /home/sami/Documents/ros2_session1/build/temp_sensor
[0.266s] Level 1:colcon.colcon_core.environment:create_environment_scripts_only(temp_sensor)
[0.266s] DEBUG:colcon.colcon_core.event_handler.log_command:Invoked command in '/home/sami/Documents/ros2_session1/build/temp_sensor' returned '0': CMAKE_PREFIX_PATH=/opt/ros/humble /usr/bin/cmake --install /home/sami/Documents/ros2_session1/build/temp_sensor
[0.268s] Level 1:colcon.colcon_core.environment:checking '/home/sami/Documents/ros2_session1/install/temp_sensor' for CMake module files
[0.269s] Level 1:colcon.colcon_core.environment:checking '/home/sami/Documents/ros2_session1/install/temp_sensor' for CMake config files
[0.269s] Level 1:colcon.colcon_core.shell:create_environment_hook('temp_sensor', 'cmake_prefix_path')
[0.269s] INFO:colcon.colcon_core.shell:Creating environment hook '/home/sami/Documents/ros2_session1/install/temp_sensor/share/temp_sensor/hook/cmake_prefix_path.ps1'
[0.270s] INFO:colcon.colcon_core.shell:Creating environment descriptor '/home/sami/Documents/ros2_session1/install/temp_sensor/share/temp_sensor/hook/cmake_prefix_path.dsv'
[0.270s] INFO:colcon.colcon_core.shell:Creating environment hook '/home/sami/Documents/ros2_session1/install/temp_sensor/share/temp_sensor/hook/cmake_prefix_path.sh'
[0.271s] Level 1:colcon.colcon_core.environment:checking '/home/sami/Documents/ros2_session1/install/temp_sensor/bin'
[0.271s] Level 1:colcon.colcon_core.environment:checking '/home/sami/Documents/ros2_session1/install/temp_sensor/lib/pkgconfig/temp_sensor.pc'
[0.271s] Level 1:colcon.colcon_core.environment:checking '/home/sami/Documents/ros2_session1/install/temp_sensor/lib/python3.10/site-packages'
[0.271s] Level 1:colcon.colcon_core.environment:checking '/home/sami/Documents/ros2_session1/install/temp_sensor/bin'
[0.272s] INFO:colcon.colcon_core.shell:Creating package script '/home/sami/Documents/ros2_session1/install/temp_sensor/share/temp_sensor/package.ps1'
[0.272s] INFO:colcon.colcon_core.shell:Creating package descriptor '/home/sami/Documents/ros2_session1/install/temp_sensor/share/temp_sensor/package.dsv'
[0.273s] INFO:colcon.colcon_core.shell:Creating package script '/home/sami/Documents/ros2_session1/install/temp_sensor/share/temp_sensor/package.sh'
[0.273s] INFO:colcon.colcon_core.shell:Creating package script '/home/sami/Documents/ros2_session1/install/temp_sensor/share/temp_sensor/package.bash'
[0.274s] INFO:colcon.colcon_core.shell:Creating package script '/home/sami/Documents/ros2_session1/install/temp_sensor/share/temp_sensor/package.zsh'
[0.274s] Level 1:colcon.colcon_core.environment:create_file_with_runtime_dependencies(/home/sami/Documents/ros2_session1/install/temp_sensor/share/colcon-core/packages/temp_sensor)
[0.290s] Level 1:colcon.colcon_core.environment:create_environment_scripts_only(temp_sensor)
[0.290s] Level 1:colcon.colcon_core.environment:checking '/home/sami/Documents/ros2_session1/install/temp_sensor' for CMake module files
[0.291s] Level 1:colcon.colcon_core.environment:checking '/home/sami/Documents/ros2_session1/install/temp_sensor' for CMake config files
[0.291s] Level 1:colcon.colcon_core.shell:create_environment_hook('temp_sensor', 'cmake_prefix_path')
[0.291s] INFO:colcon.colcon_core.shell:Creating environment hook '/home/sami/Documents/ros2_session1/install/temp_sensor/share/temp_sensor/hook/cmake_prefix_path.ps1'
[0.291s] INFO:colcon.colcon_core.shell:Creating environment descriptor '/home/sami/Documents/ros2_session1/install/temp_sensor/share/temp_sensor/hook/cmake_prefix_path.dsv'
[0.292s] INFO:colcon.colcon_core.shell:Creating environment hook '/home/sami/Documents/ros2_session1/install/temp_sensor/share/temp_sensor/hook/cmake_prefix_path.sh'
[0.292s] Level 1:colcon.colcon_core.environment:checking '/home/sami/Documents/ros2_session1/install/temp_sensor/bin'
[0.292s] Level 1:colcon.colcon_core.environment:checking '/home/sami/Documents/ros2_session1/install/temp_sensor/lib/pkgconfig/temp_sensor.pc'
[0.292s] Level 1:colcon.colcon_core.environment:checking '/home/sami/Documents/ros2_session1/install/temp_sensor/lib/python3.10/site-packages'
[0.292s] Level 1:colcon.colcon_core.environment:checking '/home/sami/Documents/ros2_session1/install/temp_sensor/bin'
[0.293s] INFO:colcon.colcon_core.shell:Creating package script '/home/sami/Documents/ros2_session1/install/temp_sensor/share/temp_sensor/package.ps1'
[0.293s] INFO:colcon.colcon_core.shell:Creating package descriptor '/home/sami/Documents/ros2_session1/install/temp_sensor/share/temp_sensor/package.dsv'
[0.293s] INFO:colcon.colcon_core.shell:Creating package script '/home/sami/Documents/ros2_session1/install/temp_sensor/share/temp_sensor/package.sh'
[0.294s] INFO:colcon.colcon_core.shell:Creating package script '/home/sami/Documents/ros2_session1/install/temp_sensor/share/temp_sensor/package.bash'
[0.294s] INFO:colcon.colcon_core.shell:Creating package script '/home/sami/Documents/ros2_session1/install/temp_sensor/share/temp_sensor/package.zsh'
[0.294s] Level 1:colcon.colcon_core.environment:create_file_with_runtime_dependencies(/home/sami/Documents/ros2_session1/install/temp_sensor/share/colcon-core/packages/temp_sensor)
[0.294s] DEBUG:colcon.colcon_parallel_executor.executor.parallel:closing loop
[0.295s] DEBUG:colcon.colcon_parallel_executor.executor.parallel:loop closed
[0.295s] DEBUG:colcon.colcon_parallel_executor.executor.parallel:run_until_complete finished with '0'
[0.295s] DEBUG:colcon.colcon_core.event_reactor:joining thread
[0.299s] INFO:colcon.colcon_core.plugin_system:Skipping extension 'colcon_notification.desktop_notification.terminal_notifier': Not used on non-Darwin systems
[0.299s] INFO:colcon.colcon_core.plugin_system:Skipping extension 'colcon_notification.desktop_notification.win32': Not used on non-Windows systems
[0.299s] INFO:colcon.colcon_notification.desktop_notification:Sending desktop notification using 'notify2'
[0.308s] DEBUG:colcon.colcon_core.event_reactor:joined thread
[0.308s] INFO:colcon.colcon_core.shell:Creating prefix script '/home/sami/Documents/ros2_session1/install/local_setup.ps1'
[0.309s] INFO:colcon.colcon_core.shell:Creating prefix util module '/home/sami/Documents/ros2_session1/install/_local_setup_util_ps1.py'
[0.310s] INFO:colcon.colcon_core.shell:Creating prefix chain script '/home/sami/Documents/ros2_session1/install/setup.ps1'
[0.311s] INFO:colcon.colcon_core.shell:Creating prefix script '/home/sami/Documents/ros2_session1/install/local_setup.sh'
[0.311s] INFO:colcon.colcon_core.shell:Creating prefix util module '/home/sami/Documents/ros2_session1/install/_local_setup_util_sh.py'
[0.312s] INFO:colcon.colcon_core.shell:Creating prefix chain script '/home/sami/Documents/ros2_session1/install/setup.sh'
[0.313s] INFO:colcon.colcon_core.shell:Creating prefix script '/home/sami/Documents/ros2_session1/install/local_setup.bash'
[0.313s] INFO:colcon.colcon_core.shell:Creating prefix chain script '/home/sami/Documents/ros2_session1/install/setup.bash'
[0.314s] INFO:colcon.colcon_core.shell:Creating prefix script '/home/sami/Documents/ros2_session1/install/local_setup.zsh'
[0.314s] INFO:colcon.colcon_core.shell:Creating prefix chain script '/home/sami/Documents/ros2_session1/install/setup.zsh'
