[0.061s] DEBUG:colcon:Command line arguments: ['/usr/bin/colcon', 'build']
[0.061s] DEBUG:colcon:Parsed command line arguments: Namespace(log_base=None, log_level=None, verb_name='build', build_base='build', install_base='install', merge_install=False, symlink_install=False, test_result_base=None, continue_on_error=False, executor='parallel', parallel_workers=8, event_handlers=None, ignore_user_meta=False, metas=['./colcon.meta'], base_paths=['.'], packages_ignore=None, packages_ignore_regex=None, paths=None, packages_up_to=None, packages_up_to_regex=None, packages_above=None, packages_above_and_dependencies=None, packages_above_depth=None, packages_select_by_dep=None, packages_skip_by_dep=None, packages_skip_up_to=None, packages_select_build_failed=False, packages_skip_build_finished=False, packages_select_test_failures=False, packages_skip_test_passed=False, packages_select=None, packages_skip=None, packages_select_regex=None, packages_skip_regex=None, packages_start=None, packages_end=None, allow_overriding=[], cmake_args=None, cmake_target=None, cmake_target_skip_unavailable=False, cmake_clean_cache=False, cmake_clean_first=False, cmake_force_configure=False, ament_cmake_args=None, catkin_cmake_args=None, catkin_skip_building_tests=False, mixin_files=None, mixin=None, verb_parser=<colcon_mixin.mixin.mixin_argument.MixinArgumentDecorator object at 0x7efeccb3e110>, verb_extension=<colcon_core.verb.build.BuildVerb object at 0x7efeccc46ef0>, main=<bound method BuildVerb.main of <colcon_core.verb.build.BuildVerb object at 0x7efeccc46ef0>>, mixin_verb=('build',))
[0.154s] Level 1:colcon.colcon_core.package_discovery:discover_packages(colcon_meta) check parameters
[0.154s] Level 1:colcon.colcon_core.package_discovery:discover_packages(recursive) check parameters
[0.154s] Level 1:colcon.colcon_core.package_discovery:discover_packages(ignore) check parameters
[0.154s] Level 1:colcon.colcon_core.package_discovery:discover_packages(path) check parameters
[0.154s] Level 1:colcon.colcon_core.package_discovery:discover_packages(colcon_meta) discover
[0.154s] Level 1:colcon.colcon_core.package_discovery:discover_packages(recursive) discover
[0.154s] INFO:colcon.colcon_core.package_discovery:Crawling recursively for packages in '/home/sami/Documents/ros2_session1'
[0.154s] Level 1:colcon.colcon_core.package_identification:_identify(.) by extensions ['ignore', 'ignore_ament_install']
[0.154s] Level 1:colcon.colcon_core.package_identification:_identify(.) by extension 'ignore'
[0.154s] Level 1:colcon.colcon_core.package_identification:_identify(.) by extension 'ignore_ament_install'
[0.154s] Level 1:colcon.colcon_core.package_identification:_identify(.) by extensions ['colcon_pkg']
[0.154s] Level 1:colcon.colcon_core.package_identification:_identify(.) by extension 'colcon_pkg'
[0.154s] Level 1:colcon.colcon_core.package_identification:_identify(.) by extensions ['colcon_meta']
[0.154s] Level 1:colcon.colcon_core.package_identification:_identify(.) by extension 'colcon_meta'
[0.154s] Level 1:colcon.colcon_core.package_identification:_identify(.) by extensions ['ros']
[0.154s] Level 1:colcon.colcon_core.package_identification:_identify(.) by extension 'ros'
[0.161s] Level 1:colcon.colcon_core.package_identification:_identify(.) by extensions ['cmake', 'python']
[0.161s] Level 1:colcon.colcon_core.package_identification:_identify(.) by extension 'cmake'
[0.161s] Level 1:colcon.colcon_core.package_identification:_identify(.) by extension 'python'
[0.161s] Level 1:colcon.colcon_core.package_identification:_identify(.) by extensions ['python_setup_py']
[0.161s] Level 1:colcon.colcon_core.package_identification:_identify(.) by extension 'python_setup_py'
[0.161s] Level 1:colcon.colcon_core.package_identification:_identify(build) by extensions ['ignore', 'ignore_ament_install']
[0.161s] Level 1:colcon.colcon_core.package_identification:_identify(build) by extension 'ignore'
[0.161s] Level 1:colcon.colcon_core.package_identification:_identify(build) ignored
[0.161s] Level 1:colcon.colcon_core.package_identification:_identify(install) by extensions ['ignore', 'ignore_ament_install']
[0.162s] Level 1:colcon.colcon_core.package_identification:_identify(install) by extension 'ignore'
[0.162s] Level 1:colcon.colcon_core.package_identification:_identify(install) ignored
[0.162s] Level 1:colcon.colcon_core.package_identification:_identify(log) by extensions ['ignore', 'ignore_ament_install']
[0.162s] Level 1:colcon.colcon_core.package_identification:_identify(log) by extension 'ignore'
[0.162s] Level 1:colcon.colcon_core.package_identification:_identify(log) ignored
[0.162s] Level 1:colcon.colcon_core.package_identification:_identify(temp_sensor) by extensions ['ignore', 'ignore_ament_install']
[0.162s] Level 1:colcon.colcon_core.package_identification:_identify(temp_sensor) by extension 'ignore'
[0.162s] Level 1:colcon.colcon_core.package_identification:_identify(temp_sensor) by extension 'ignore_ament_install'
[0.162s] Level 1:colcon.colcon_core.package_identification:_identify(temp_sensor) by extensions ['colcon_pkg']
[0.162s] Level 1:colcon.colcon_core.package_identification:_identify(temp_sensor) by extension 'colcon_pkg'
[0.162s] Level 1:colcon.colcon_core.package_identification:_identify(temp_sensor) by extensions ['colcon_meta']
[0.162s] Level 1:colcon.colcon_core.package_identification:_identify(temp_sensor) by extension 'colcon_meta'
[0.162s] Level 1:colcon.colcon_core.package_identification:_identify(temp_sensor) by extensions ['ros']
[0.162s] Level 1:colcon.colcon_core.package_identification:_identify(temp_sensor) by extension 'ros'
[0.163s] DEBUG:colcon.colcon_core.package_identification:Package 'temp_sensor' with type 'ros.ament_cmake' and name 'temp_sensor'
[0.163s] Level 1:colcon.colcon_core.package_discovery:discover_packages(recursive) using defaults
[0.163s] Level 1:colcon.colcon_core.package_discovery:discover_packages(ignore) discover
[0.163s] Level 1:colcon.colcon_core.package_discovery:discover_packages(ignore) using defaults
[0.163s] Level 1:colcon.colcon_core.package_discovery:discover_packages(path) discover
[0.163s] Level 1:colcon.colcon_core.package_discovery:discover_packages(path) using defaults
[0.177s] Level 1:colcon.colcon_core.package_discovery:discover_packages(prefix_path) check parameters
[0.177s] Level 1:colcon.colcon_core.package_discovery:discover_packages(prefix_path) discover
[0.178s] DEBUG:colcon.colcon_installed_package_information.package_discovery:Found 270 installed packages in /opt/ros/humble
[0.179s] Level 1:colcon.colcon_core.package_discovery:discover_packages(prefix_path) using defaults
[0.217s] Level 5:colcon.colcon_core.verb:set package 'temp_sensor' build argument 'cmake_args' from command line to 'None'
[0.217s] Level 5:colcon.colcon_core.verb:set package 'temp_sensor' build argument 'cmake_target' from command line to 'None'
[0.217s] Level 5:colcon.colcon_core.verb:set package 'temp_sensor' build argument 'cmake_target_skip_unavailable' from command line to 'False'
[0.217s] Level 5:colcon.colcon_core.verb:set package 'temp_sensor' build argument 'cmake_clean_cache' from command line to 'False'
[0.217s] Level 5:colcon.colcon_core.verb:set package 'temp_sensor' build argument 'cmake_clean_first' from command line to 'False'
[0.217s] Level 5:colcon.colcon_core.verb:set package 'temp_sensor' build argument 'cmake_force_configure' from command line to 'False'
[0.217s] Level 5:colcon.colcon_core.verb:set package 'temp_sensor' build argument 'ament_cmake_args' from command line to 'None'
[0.217s] Level 5:colcon.colcon_core.verb:set package 'temp_sensor' build argument 'catkin_cmake_args' from command line to 'None'
[0.217s] Level 5:colcon.colcon_core.verb:set package 'temp_sensor' build argument 'catkin_skip_building_tests' from command line to 'False'
[0.218s] DEBUG:colcon.colcon_core.verb:Building package 'temp_sensor' with the following arguments: {'ament_cmake_args': None, 'build_base': '/home/sami/Documents/ros2_session1/build/temp_sensor', 'catkin_cmake_args': None, 'catkin_skip_building_tests': False, 'cmake_args': None, 'cmake_clean_cache': False, 'cmake_clean_first': False, 'cmake_force_configure': False, 'cmake_target': None, 'cmake_target_skip_unavailable': False, 'install_base': '/home/sami/Documents/ros2_session1/install/temp_sensor', 'merge_install': False, 'path': '/home/sami/Documents/ros2_session1/temp_sensor', 'symlink_install': False, 'test_result_base': None}
[0.218s] INFO:colcon.colcon_core.executor:Executing jobs using 'parallel' executor
[0.218s] DEBUG:colcon.colcon_parallel_executor.executor.parallel:run_until_complete
[0.218s] INFO:colcon.colcon_ros.task.ament_cmake.build:Building ROS package in '/home/sami/Documents/ros2_session1/temp_sensor' with build type 'ament_cmake'
[0.218s] INFO:colcon.colcon_cmake.task.cmake.build:Building CMake package in '/home/sami/Documents/ros2_session1/temp_sensor'
[0.220s] INFO:colcon.colcon_core.plugin_system:Skipping extension 'colcon_core.shell.bat': Not used on non-Windows systems
[0.220s] INFO:colcon.colcon_core.shell:Skip shell extension 'powershell' for command environment: Not usable outside of PowerShell
[0.220s] DEBUG:colcon.colcon_core.shell:Skip shell extension 'dsv' for command environment
[0.225s] DEBUG:colcon.colcon_core.event_handler.log_command:Invoking command in '/home/sami/Documents/ros2_session1/build/temp_sensor': CMAKE_PREFIX_PATH=/opt/ros/humble /usr/bin/cmake /home/sami/Documents/ros2_session1/temp_sensor -DCMAKE_INSTALL_PREFIX=/home/sami/Documents/ros2_session1/install/temp_sensor
[0.606s] DEBUG:colcon.colcon_core.event_handler.log_command:Invoked command in '/home/sami/Documents/ros2_session1/build/temp_sensor' returned '0': CMAKE_PREFIX_PATH=/opt/ros/humble /usr/bin/cmake /home/sami/Documents/ros2_session1/temp_sensor -DCMAKE_INSTALL_PREFIX=/home/sami/Documents/ros2_session1/install/temp_sensor
[0.607s] DEBUG:colcon.colcon_core.event_handler.log_command:Invoking command in '/home/sami/Documents/ros2_session1/build/temp_sensor': CMAKE_PREFIX_PATH=/opt/ros/humble /usr/bin/cmake --build /home/sami/Documents/ros2_session1/build/temp_sensor -- -j8 -l8
[0.633s] DEBUG:colcon.colcon_core.event_handler.log_command:Invoked command in '/home/sami/Documents/ros2_session1/build/temp_sensor' returned '0': CMAKE_PREFIX_PATH=/opt/ros/humble /usr/bin/cmake --build /home/sami/Documents/ros2_session1/build/temp_sensor -- -j8 -l8
[0.662s] DEBUG:colcon.colcon_core.event_handler.log_command:Invoking command in '/home/sami/Documents/ros2_session1/build/temp_sensor': CMAKE_PREFIX_PATH=/opt/ros/humble /usr/bin/cmake --install /home/sami/Documents/ros2_session1/build/temp_sensor
[0.674s] Level 1:colcon.colcon_core.environment:create_environment_scripts_only(temp_sensor)
[0.675s] DEBUG:colcon.colcon_core.event_handler.log_command:Invoked command in '/home/sami/Documents/ros2_session1/build/temp_sensor' returned '0': CMAKE_PREFIX_PATH=/opt/ros/humble /usr/bin/cmake --install /home/sami/Documents/ros2_session1/build/temp_sensor
[0.676s] Level 1:colcon.colcon_core.environment:checking '/home/sami/Documents/ros2_session1/install/temp_sensor' for CMake module files
[0.676s] Level 1:colcon.colcon_core.environment:checking '/home/sami/Documents/ros2_session1/install/temp_sensor' for CMake config files
[0.676s] Level 1:colcon.colcon_core.shell:create_environment_hook('temp_sensor', 'cmake_prefix_path')
[0.676s] INFO:colcon.colcon_core.shell:Creating environment hook '/home/sami/Documents/ros2_session1/install/temp_sensor/share/temp_sensor/hook/cmake_prefix_path.ps1'
[0.677s] INFO:colcon.colcon_core.shell:Creating environment descriptor '/home/sami/Documents/ros2_session1/install/temp_sensor/share/temp_sensor/hook/cmake_prefix_path.dsv'
[0.677s] INFO:colcon.colcon_core.shell:Creating environment hook '/home/sami/Documents/ros2_session1/install/temp_sensor/share/temp_sensor/hook/cmake_prefix_path.sh'
[0.678s] Level 1:colcon.colcon_core.environment:checking '/home/sami/Documents/ros2_session1/install/temp_sensor/bin'
[0.678s] Level 1:colcon.colcon_core.environment:checking '/home/sami/Documents/ros2_session1/install/temp_sensor/lib/pkgconfig/temp_sensor.pc'
[0.678s] Level 1:colcon.colcon_core.environment:checking '/home/sami/Documents/ros2_session1/install/temp_sensor/lib/python3.10/site-packages'
[0.678s] Level 1:colcon.colcon_core.environment:checking '/home/sami/Documents/ros2_session1/install/temp_sensor/bin'
[0.678s] INFO:colcon.colcon_core.shell:Creating package script '/home/sami/Documents/ros2_session1/install/temp_sensor/share/temp_sensor/package.ps1'
[0.678s] INFO:colcon.colcon_core.shell:Creating package descriptor '/home/sami/Documents/ros2_session1/install/temp_sensor/share/temp_sensor/package.dsv'
[0.679s] INFO:colcon.colcon_core.shell:Creating package script '/home/sami/Documents/ros2_session1/install/temp_sensor/share/temp_sensor/package.sh'
[0.679s] INFO:colcon.colcon_core.shell:Creating package script '/home/sami/Documents/ros2_session1/install/temp_sensor/share/temp_sensor/package.bash'
[0.680s] INFO:colcon.colcon_core.shell:Creating package script '/home/sami/Documents/ros2_session1/install/temp_sensor/share/temp_sensor/package.zsh'
[0.680s] Level 1:colcon.colcon_core.environment:create_file_with_runtime_dependencies(/home/sami/Documents/ros2_session1/install/temp_sensor/share/colcon-core/packages/temp_sensor)
[0.700s] Level 1:colcon.colcon_core.environment:create_environment_scripts_only(temp_sensor)
[0.701s] Level 1:colcon.colcon_core.environment:checking '/home/sami/Documents/ros2_session1/install/temp_sensor' for CMake module files
[0.702s] Level 1:colcon.colcon_core.environment:checking '/home/sami/Documents/ros2_session1/install/temp_sensor' for CMake config files
[0.702s] Level 1:colcon.colcon_core.shell:create_environment_hook('temp_sensor', 'cmake_prefix_path')
[0.702s] INFO:colcon.colcon_core.shell:Creating environment hook '/home/sami/Documents/ros2_session1/install/temp_sensor/share/temp_sensor/hook/cmake_prefix_path.ps1'
[0.703s] INFO:colcon.colcon_core.shell:Creating environment descriptor '/home/sami/Documents/ros2_session1/install/temp_sensor/share/temp_sensor/hook/cmake_prefix_path.dsv'
[0.703s] INFO:colcon.colcon_core.shell:Creating environment hook '/home/sami/Documents/ros2_session1/install/temp_sensor/share/temp_sensor/hook/cmake_prefix_path.sh'
[0.704s] Level 1:colcon.colcon_core.environment:checking '/home/sami/Documents/ros2_session1/install/temp_sensor/bin'
[0.704s] Level 1:colcon.colcon_core.environment:checking '/home/sami/Documents/ros2_session1/install/temp_sensor/lib/pkgconfig/temp_sensor.pc'
[0.704s] Level 1:colcon.colcon_core.environment:checking '/home/sami/Documents/ros2_session1/install/temp_sensor/lib/python3.10/site-packages'
[0.705s] Level 1:colcon.colcon_core.environment:checking '/home/sami/Documents/ros2_session1/install/temp_sensor/bin'
[0.705s] INFO:colcon.colcon_core.shell:Creating package script '/home/sami/Documents/ros2_session1/install/temp_sensor/share/temp_sensor/package.ps1'
[0.706s] INFO:colcon.colcon_core.shell:Creating package descriptor '/home/sami/Documents/ros2_session1/install/temp_sensor/share/temp_sensor/package.dsv'
[0.707s] INFO:colcon.colcon_core.shell:Creating package script '/home/sami/Documents/ros2_session1/install/temp_sensor/share/temp_sensor/package.sh'
[0.707s] INFO:colcon.colcon_core.shell:Creating package script '/home/sami/Documents/ros2_session1/install/temp_sensor/share/temp_sensor/package.bash'
[0.707s] INFO:colcon.colcon_core.shell:Creating package script '/home/sami/Documents/ros2_session1/install/temp_sensor/share/temp_sensor/package.zsh'
[0.708s] Level 1:colcon.colcon_core.environment:create_file_with_runtime_dependencies(/home/sami/Documents/ros2_session1/install/temp_sensor/share/colcon-core/packages/temp_sensor)
[0.708s] DEBUG:colcon.colcon_parallel_executor.executor.parallel:closing loop
[0.709s] DEBUG:colcon.colcon_parallel_executor.executor.parallel:loop closed
[0.709s] DEBUG:colcon.colcon_parallel_executor.executor.parallel:run_until_complete finished with '0'
[0.709s] DEBUG:colcon.colcon_core.event_reactor:joining thread
[0.713s] INFO:colcon.colcon_core.plugin_system:Skipping extension 'colcon_notification.desktop_notification.terminal_notifier': Not used on non-Darwin systems
[0.714s] INFO:colcon.colcon_core.plugin_system:Skipping extension 'colcon_notification.desktop_notification.win32': Not used on non-Windows systems
[0.714s] INFO:colcon.colcon_notification.desktop_notification:Sending desktop notification using 'notify2'
[0.723s] DEBUG:colcon.colcon_core.event_reactor:joined thread
[0.724s] INFO:colcon.colcon_core.shell:Creating prefix script '/home/sami/Documents/ros2_session1/install/local_setup.ps1'
[0.725s] INFO:colcon.colcon_core.shell:Creating prefix util module '/home/sami/Documents/ros2_session1/install/_local_setup_util_ps1.py'
[0.726s] INFO:colcon.colcon_core.shell:Creating prefix chain script '/home/sami/Documents/ros2_session1/install/setup.ps1'
[0.727s] INFO:colcon.colcon_core.shell:Creating prefix script '/home/sami/Documents/ros2_session1/install/local_setup.sh'
[0.727s] INFO:colcon.colcon_core.shell:Creating prefix util module '/home/sami/Documents/ros2_session1/install/_local_setup_util_sh.py'
[0.727s] INFO:colcon.colcon_core.shell:Creating prefix chain script '/home/sami/Documents/ros2_session1/install/setup.sh'
[0.728s] INFO:colcon.colcon_core.shell:Creating prefix script '/home/sami/Documents/ros2_session1/install/local_setup.bash'
[0.729s] INFO:colcon.colcon_core.shell:Creating prefix chain script '/home/sami/Documents/ros2_session1/install/setup.bash'
[0.729s] INFO:colcon.colcon_core.shell:Creating prefix script '/home/sami/Documents/ros2_session1/install/local_setup.zsh'
[0.729s] INFO:colcon.colcon_core.shell:Creating prefix chain script '/home/sami/Documents/ros2_session1/install/setup.zsh'
