[0.006s] Invoking command in '/home/sami/Documents/ros2_session1/build/temp_sensor': CMAKE_PREFIX_PATH=/opt/ros/humble /usr/bin/cmake /home/sami/Documents/ros2_session1/temp_sensor -DCMAKE_INSTALL_PREFIX=/home/sami/Documents/ros2_session1/install/temp_sensor
[0.040s] -- The C compiler identification is GNU 11.4.0
[0.079s] -- The CXX compiler identification is GNU 11.4.0
[0.083s] -- Detecting C compiler ABI info
[0.134s] -- Detecting C compiler ABI info - done
[0.140s] -- Check for working C compiler: /usr/bin/cc - skipped
[0.140s] -- Detecting C compile features
[0.140s] -- Detecting C compile features - done
[0.143s] -- Detecting CXX compiler ABI info
[0.191s] -- Detecting CXX compiler ABI info - done
[0.195s] -- Check for working CXX compiler: /usr/bin/c++ - skipped
[0.196s] -- Detecting CXX compile features
[0.196s] -- Detecting CXX compile features - done
[0.197s] -- Found ament_cmake: 1.3.9 (/opt/ros/humble/share/ament_cmake/cmake)
[0.289s] -- Found Python3: /usr/bin/python3 (found version "3.10.12") found components: Interpreter 
[0.338s] -- Found ament_lint_auto: 0.12.11 (/opt/ros/humble/share/ament_lint_auto/cmake)
[0.382s] -- Added test 'lint_cmake' to check CMake code style
[0.382s] -- Added test 'xmllint' to check XML markup files
[0.383s] -- Configuring done
[0.384s] -- Generating done
[0.385s] -- Build files have been written to: /home/sami/Documents/ros2_session1/build/temp_sensor
[0.387s] Invoked command in '/home/sami/Documents/ros2_session1/build/temp_sensor' returned '0': CMAKE_PREFIX_PATH=/opt/ros/humble /usr/bin/cmake /home/sami/Documents/ros2_session1/temp_sensor -DCMAKE_INSTALL_PREFIX=/home/sami/Documents/ros2_session1/install/temp_sensor
[0.388s] Invoking command in '/home/sami/Documents/ros2_session1/build/temp_sensor': CMAKE_PREFIX_PATH=/opt/ros/humble /usr/bin/cmake --build /home/sami/Documents/ros2_session1/build/temp_sensor -- -j8 -l8
[0.414s] Invoked command in '/home/sami/Documents/ros2_session1/build/temp_sensor' returned '0': CMAKE_PREFIX_PATH=/opt/ros/humble /usr/bin/cmake --build /home/sami/Documents/ros2_session1/build/temp_sensor -- -j8 -l8
[0.443s] Invoking command in '/home/sami/Documents/ros2_session1/build/temp_sensor': CMAKE_PREFIX_PATH=/opt/ros/humble /usr/bin/cmake --install /home/sami/Documents/ros2_session1/build/temp_sensor
[0.453s] -- Install configuration: ""
[0.453s] -- Installing: /home/sami/Documents/ros2_session1/install/temp_sensor/share/ament_index/resource_index/package_run_dependencies/temp_sensor
[0.453s] -- Installing: /home/sami/Documents/ros2_session1/install/temp_sensor/share/ament_index/resource_index/parent_prefix_path/temp_sensor
[0.453s] -- Installing: /home/sami/Documents/ros2_session1/install/temp_sensor/share/temp_sensor/environment/ament_prefix_path.sh
[0.453s] -- Installing: /home/sami/Documents/ros2_session1/install/temp_sensor/share/temp_sensor/environment/ament_prefix_path.dsv
[0.453s] -- Installing: /home/sami/Documents/ros2_session1/install/temp_sensor/share/temp_sensor/environment/path.sh
[0.453s] -- Installing: /home/sami/Documents/ros2_session1/install/temp_sensor/share/temp_sensor/environment/path.dsv
[0.453s] -- Installing: /home/sami/Documents/ros2_session1/install/temp_sensor/share/temp_sensor/local_setup.bash
[0.454s] -- Installing: /home/sami/Documents/ros2_session1/install/temp_sensor/share/temp_sensor/local_setup.sh
[0.454s] -- Installing: /home/sami/Documents/ros2_session1/install/temp_sensor/share/temp_sensor/local_setup.zsh
[0.454s] -- Installing: /home/sami/Documents/ros2_session1/install/temp_sensor/share/temp_sensor/local_setup.dsv
[0.454s] -- Installing: /home/sami/Documents/ros2_session1/install/temp_sensor/share/temp_sensor/package.dsv
[0.454s] -- Installing: /home/sami/Documents/ros2_session1/install/temp_sensor/share/ament_index/resource_index/packages/temp_sensor
[0.454s] -- Installing: /home/sami/Documents/ros2_session1/install/temp_sensor/share/temp_sensor/cmake/temp_sensorConfig.cmake
[0.454s] -- Installing: /home/sami/Documents/ros2_session1/install/temp_sensor/share/temp_sensor/cmake/temp_sensorConfig-version.cmake
[0.454s] -- Installing: /home/sami/Documents/ros2_session1/install/temp_sensor/share/temp_sensor/package.xml
[0.456s] Invoked command in '/home/sami/Documents/ros2_session1/build/temp_sensor' returned '0': CMAKE_PREFIX_PATH=/opt/ros/humble /usr/bin/cmake --install /home/sami/Documents/ros2_session1/build/temp_sensor
